Starting training!
/home/a/anselm/almost-anselm/venv/lib/python3.12/site-packages/transformers/utils/hub.py:111: FutureWarning: Using `TRANSFORMERS_CACHE` is deprecated and will be removed in v5 of Transformers. Use `HF_HOME` instead.
  warnings.warn(
The following values were not passed to `accelerate launch` and had defaults used instead:
	`--num_processes` was set to a value of `1`
	`--num_machines` was set to a value of `1`
	`--mixed_precision` was set to a value of `'no'`
	`--dynamo_backend` was set to a value of `'no'`
To avoid this warning pass in values for each of the problematic parameters or run `accelerate config`.
/home/a/anselm/almost-anselm/venv/lib/python3.12/site-packages/transformers/utils/hub.py:111: FutureWarning: Using `TRANSFORMERS_CACHE` is deprecated and will be removed in v5 of Transformers. Use `HF_HOME` instead.
  warnings.warn(
Traceback (most recent call last):
  File "<frozen runpy>", line 198, in _run_module_as_main
  File "<frozen runpy>", line 88, in _run_code
  File "/home/a/anselm/almost-anselm/venv/lib/python3.12/site-packages/axolotl/cli/train.py", line 120, in <module>
    fire.Fire(do_cli)
  File "/home/a/anselm/almost-anselm/venv/lib/python3.12/site-packages/fire/core.py", line 135, in Fire
    component_trace = _Fire(component, args, parsed_flag_args, context, name)
                      ^^^^^^^^^^^^^^^^^^^^^^^^^^^^^^^^^^^^^^^^^^^^^^^^^^^^^^^
  File "/home/a/anselm/almost-anselm/venv/lib/python3.12/site-packages/fire/core.py", line 468, in _Fire
    component, remaining_args = _CallAndUpdateTrace(
                                ^^^^^^^^^^^^^^^^^^^^
  File "/home/a/anselm/almost-anselm/venv/lib/python3.12/site-packages/fire/core.py", line 684, in _CallAndUpdateTrace
    component = fn(*varargs, **kwargs)
                ^^^^^^^^^^^^^^^^^^^^^^
  File "/home/a/anselm/almost-anselm/venv/lib/python3.12/site-packages/axolotl/cli/train.py", line 63, in do_cli
    parsed_cfg = load_cfg(config, **kwargs)
                 ^^^^^^^^^^^^^^^^^^^^^^^^^^
  File "/home/a/anselm/almost-anselm/venv/lib/python3.12/site-packages/axolotl/cli/config.py", line 186, in load_cfg
    with open(config, encoding="utf-8") as file:
         ^^^^^^^^^^^^^^^^^^^^^^^^^^^^^^
FileNotFoundError: [Errno 2] No such file or directory: 'configs/simple_axolotl.yaml'
Traceback (most recent call last):
  File "/home/a/anselm/almost-anselm/venv/bin/accelerate", line 7, in <module>
    sys.exit(main())
             ^^^^^^
  File "/home/a/anselm/almost-anselm/venv/lib/python3.12/site-packages/accelerate/commands/accelerate_cli.py", line 50, in main
    args.func(args)
  File "/home/a/anselm/almost-anselm/venv/lib/python3.12/site-packages/accelerate/commands/launch.py", line 1235, in launch_command
    simple_launcher(args)
  File "/home/a/anselm/almost-anselm/venv/lib/python3.12/site-packages/accelerate/commands/launch.py", line 823, in simple_launcher
    raise subprocess.CalledProcessError(returncode=process.returncode, cmd=cmd)
subprocess.CalledProcessError: Command '['/home/a/anselm/almost-anselm/venv/bin/python3', '-m', 'axolotl.cli.train', 'configs/simple_axolotl.yaml']' returned non-zero exit status 1.
